[28-Nov-2017 13:42:18 UTC] PHP Notice:  Undefined index: allow_editor in /home/eav/www/promobar/wp-content/plugins/sender-pro/sender-pro.php on line 36
[29-Nov-2017 15:16:38 UTC] PHP Notice:  Undefined index: mailout_id in /home/eav/www/promobar/wp-content/plugins/sender-pro/files/mailouts.php on line 481
[29-Nov-2017 15:16:38 UTC] PHP Notice:  Undefined index: mailout_id in /home/eav/www/promobar/wp-content/plugins/sender-pro/files/mailouts.php on line 215
[30-Nov-2017 14:15:18 UTC] PHP Warning:  call_user_func_array() expects parameter 1 to be a valid callback, function 'sndr_mail_view' not found or invalid function name in /home/eav/www/promobar/wp-includes/class-wp-hook.php on line 286
[30-Nov-2017 15:38:32 UTC] PHP Notice:  Undefined variable: all_checked in /home/eav/www/promobar/wp-content/plugins/sender-pro/files/distribution_lists.php on line 686
[30-Nov-2017 15:39:24 UTC] PHP Parse error:  syntax error, unexpected ';' in /home/eav/www/promobar/wp-content/plugins/sender-pro/files/distribution_lists.php on line 607
[30-Nov-2017 15:41:11 UTC] PHP Notice:  Undefined variable: all_checked in /home/eav/www/promobar/wp-content/plugins/sender-pro/files/distribution_lists.php on line 678
[30-Nov-2017 15:41:11 UTC] PHP Notice:  Undefined variable: list_data in /home/eav/www/promobar/wp-content/plugins/sender-pro/files/distribution_lists.php on line 688
[30-Nov-2017 15:41:11 UTC] PHP Notice:  Undefined variable: list_data in /home/eav/www/promobar/wp-content/plugins/sender-pro/files/distribution_lists.php on line 689
[30-Nov-2017 15:41:11 UTC] PHP Notice:  Undefined variable: list_data in /home/eav/www/promobar/wp-content/plugins/sender-pro/files/distribution_lists.php on line 688
[30-Nov-2017 15:41:11 UTC] PHP Notice:  Undefined variable: list_data in /home/eav/www/promobar/wp-content/plugins/sender-pro/files/distribution_lists.php on line 689
[30-Nov-2017 15:41:11 UTC] PHP Notice:  Undefined variable: list_data in /home/eav/www/promobar/wp-content/plugins/sender-pro/files/distribution_lists.php on line 688
[30-Nov-2017 15:41:11 UTC] PHP Notice:  Undefined variable: list_data in /home/eav/www/promobar/wp-content/plugins/sender-pro/files/distribution_lists.php on line 689
[30-Nov-2017 15:41:41 UTC] PHP Notice:  Undefined variable: all_checked in /home/eav/www/promobar/wp-content/plugins/sender-pro/files/distribution_lists.php on line 686
[30-Nov-2017 16:37:43 UTC] PHP Warning:  require_once(/home/eav/www/promobar/wp-content/plugins/sender-pro/bws_menu/bws_include.php): failed to open stream: No such file or directory in /home/eav/www/promobar/wp-content/plugins/sender-pro/sender-pro.php on line 100
[30-Nov-2017 16:37:43 UTC] PHP Fatal error:  require_once(): Failed opening required '/home/eav/www/promobar/wp-content/plugins/sender-pro/bws_menu/bws_include.php' (include_path='.:/opt/lampp/lib/php') in /home/eav/www/promobar/wp-content/plugins/sender-pro/sender-pro.php on line 100
[01-Dec-2017 11:01:32 UTC] PHP Warning:  require_once(/home/eav/www/promobar/wp-content/plugins/sender-pro/bws_menu/bws_include.php): failed to open stream: No such file or directory in /home/eav/www/promobar/wp-content/plugins/sender-pro/sender-pro.php on line 100
[01-Dec-2017 11:01:32 UTC] PHP Fatal error:  require_once(): Failed opening required '/home/eav/www/promobar/wp-content/plugins/sender-pro/bws_menu/bws_include.php' (include_path='.:/opt/lampp/lib/php') in /home/eav/www/promobar/wp-content/plugins/sender-pro/sender-pro.php on line 100
[01-Dec-2017 11:02:32 UTC] PHP Warning:  require_once(/home/eav/www/promobar/wp-content/plugins/sender-pro/bws_menu/bws_include.php): failed to open stream: No such file or directory in /home/eav/www/promobar/wp-content/plugins/sender-pro/sender-pro.php on line 100
[01-Dec-2017 11:02:32 UTC] PHP Fatal error:  require_once(): Failed opening required '/home/eav/www/promobar/wp-content/plugins/sender-pro/bws_menu/bws_include.php' (include_path='.:/opt/lampp/lib/php') in /home/eav/www/promobar/wp-content/plugins/sender-pro/sender-pro.php on line 100
[01-Dec-2017 11:04:14 UTC] PHP Warning:  require_once(/home/eav/www/promobar/wp-content/plugins/sender-pro/bws_menu/bws_include.php): failed to open stream: No such file or directory in /home/eav/www/promobar/wp-content/plugins/sender-pro/sender-pro.php on line 100
[01-Dec-2017 11:04:14 UTC] PHP Fatal error:  require_once(): Failed opening required '/home/eav/www/promobar/wp-content/plugins/sender-pro/bws_menu/bws_include.php' (include_path='.:/opt/lampp/lib/php') in /home/eav/www/promobar/wp-content/plugins/sender-pro/sender-pro.php on line 100
[01-Dec-2017 11:05:14 UTC] PHP Warning:  require_once(/home/eav/www/promobar/wp-content/plugins/sender-pro/bws_menu/bws_include.php): failed to open stream: No such file or directory in /home/eav/www/promobar/wp-content/plugins/sender-pro/sender-pro.php on line 100
[01-Dec-2017 11:05:14 UTC] PHP Fatal error:  require_once(): Failed opening required '/home/eav/www/promobar/wp-content/plugins/sender-pro/bws_menu/bws_include.php' (include_path='.:/opt/lampp/lib/php') in /home/eav/www/promobar/wp-content/plugins/sender-pro/sender-pro.php on line 100
[01-Dec-2017 11:06:31 UTC] PHP Warning:  require_once(/home/eav/www/promobar/wp-content/plugins/sender-pro/bws_menu/bws_include.php): failed to open stream: No such file or directory in /home/eav/www/promobar/wp-content/plugins/sender-pro/sender-pro.php on line 100
[01-Dec-2017 11:06:31 UTC] PHP Fatal error:  require_once(): Failed opening required '/home/eav/www/promobar/wp-content/plugins/sender-pro/bws_menu/bws_include.php' (include_path='.:/opt/lampp/lib/php') in /home/eav/www/promobar/wp-content/plugins/sender-pro/sender-pro.php on line 100
[01-Dec-2017 11:06:33 UTC] PHP Warning:  require_once(/home/eav/www/promobar/wp-content/plugins/sender-pro/bws_menu/bws_include.php): failed to open stream: No such file or directory in /home/eav/www/promobar/wp-content/plugins/sender-pro/sender-pro.php on line 100
[01-Dec-2017 11:06:33 UTC] PHP Fatal error:  require_once(): Failed opening required '/home/eav/www/promobar/wp-content/plugins/sender-pro/bws_menu/bws_include.php' (include_path='.:/opt/lampp/lib/php') in /home/eav/www/promobar/wp-content/plugins/sender-pro/sender-pro.php on line 100
[01-Dec-2017 11:06:39 UTC] PHP Warning:  require_once(/home/eav/www/promobar/wp-content/plugins/sender-pro/bws_menu/bws_include.php): failed to open stream: No such file or directory in /home/eav/www/promobar/wp-content/plugins/sender-pro/sender-pro.php on line 100
[01-Dec-2017 11:06:39 UTC] PHP Fatal error:  require_once(): Failed opening required '/home/eav/www/promobar/wp-content/plugins/sender-pro/bws_menu/bws_include.php' (include_path='.:/opt/lampp/lib/php') in /home/eav/www/promobar/wp-content/plugins/sender-pro/sender-pro.php on line 100
[01-Dec-2017 11:06:41 UTC] PHP Warning:  require_once(/home/eav/www/promobar/wp-content/plugins/sender-pro/bws_menu/bws_include.php): failed to open stream: No such file or directory in /home/eav/www/promobar/wp-content/plugins/sender-pro/sender-pro.php on line 100
[01-Dec-2017 11:06:41 UTC] PHP Fatal error:  require_once(): Failed opening required '/home/eav/www/promobar/wp-content/plugins/sender-pro/bws_menu/bws_include.php' (include_path='.:/opt/lampp/lib/php') in /home/eav/www/promobar/wp-content/plugins/sender-pro/sender-pro.php on line 100
[01-Dec-2017 11:06:48 UTC] PHP Warning:  require_once(/home/eav/www/promobar/wp-content/plugins/sender-pro/bws_menu/bws_include.php): failed to open stream: No such file or directory in /home/eav/www/promobar/wp-content/plugins/sender-pro/sender-pro.php on line 100
[01-Dec-2017 11:06:48 UTC] PHP Fatal error:  require_once(): Failed opening required '/home/eav/www/promobar/wp-content/plugins/sender-pro/bws_menu/bws_include.php' (include_path='.:/opt/lampp/lib/php') in /home/eav/www/promobar/wp-content/plugins/sender-pro/sender-pro.php on line 100
[01-Dec-2017 11:06:51 UTC] PHP Warning:  require_once(/home/eav/www/promobar/wp-content/plugins/sender-pro/bws_menu/bws_include.php): failed to open stream: No such file or directory in /home/eav/www/promobar/wp-content/plugins/sender-pro/sender-pro.php on line 100
[01-Dec-2017 11:06:51 UTC] PHP Fatal error:  require_once(): Failed opening required '/home/eav/www/promobar/wp-content/plugins/sender-pro/bws_menu/bws_include.php' (include_path='.:/opt/lampp/lib/php') in /home/eav/www/promobar/wp-content/plugins/sender-pro/sender-pro.php on line 100
[01-Dec-2017 11:19:03 UTC] PHP Warning:  require_once(/home/eav/www/promobar/wp-content/plugins/sender-pro/bws_menu/bws_include.php): failed to open stream: No such file or directory in /home/eav/www/promobar/wp-content/plugins/sender-pro/sender-pro.php on line 100
[01-Dec-2017 11:19:03 UTC] PHP Fatal error:  require_once(): Failed opening required '/home/eav/www/promobar/wp-content/plugins/sender-pro/bws_menu/bws_include.php' (include_path='.:/opt/lampp/lib/php') in /home/eav/www/promobar/wp-content/plugins/sender-pro/sender-pro.php on line 100
[01-Dec-2017 11:20:03 UTC] PHP Warning:  require_once(/home/eav/www/promobar/wp-content/plugins/sender-pro/bws_menu/bws_include.php): failed to open stream: No such file or directory in /home/eav/www/promobar/wp-content/plugins/sender-pro/sender-pro.php on line 100
[01-Dec-2017 11:20:03 UTC] PHP Fatal error:  require_once(): Failed opening required '/home/eav/www/promobar/wp-content/plugins/sender-pro/bws_menu/bws_include.php' (include_path='.:/opt/lampp/lib/php') in /home/eav/www/promobar/wp-content/plugins/sender-pro/sender-pro.php on line 100
[01-Dec-2017 11:22:03 UTC] PHP Warning:  require_once(/home/eav/www/promobar/wp-content/plugins/sender-pro/bws_menu/bws_include.php): failed to open stream: No such file or directory in /home/eav/www/promobar/wp-content/plugins/sender-pro/sender-pro.php on line 100
[01-Dec-2017 11:22:03 UTC] PHP Fatal error:  require_once(): Failed opening required '/home/eav/www/promobar/wp-content/plugins/sender-pro/bws_menu/bws_include.php' (include_path='.:/opt/lampp/lib/php') in /home/eav/www/promobar/wp-content/plugins/sender-pro/sender-pro.php on line 100
[01-Dec-2017 11:24:03 UTC] PHP Warning:  require_once(/home/eav/www/promobar/wp-content/plugins/sender-pro/bws_menu/bws_include.php): failed to open stream: No such file or directory in /home/eav/www/promobar/wp-content/plugins/sender-pro/sender-pro.php on line 100
[01-Dec-2017 11:24:03 UTC] PHP Fatal error:  require_once(): Failed opening required '/home/eav/www/promobar/wp-content/plugins/sender-pro/bws_menu/bws_include.php' (include_path='.:/opt/lampp/lib/php') in /home/eav/www/promobar/wp-content/plugins/sender-pro/sender-pro.php on line 100
[01-Dec-2017 11:26:03 UTC] PHP Warning:  require_once(/home/eav/www/promobar/wp-content/plugins/sender-pro/bws_menu/bws_include.php): failed to open stream: No such file or directory in /home/eav/www/promobar/wp-content/plugins/sender-pro/sender-pro.php on line 100
[01-Dec-2017 11:26:03 UTC] PHP Fatal error:  require_once(): Failed opening required '/home/eav/www/promobar/wp-content/plugins/sender-pro/bws_menu/bws_include.php' (include_path='.:/opt/lampp/lib/php') in /home/eav/www/promobar/wp-content/plugins/sender-pro/sender-pro.php on line 100
[01-Dec-2017 11:26:03 UTC] PHP Warning:  require_once(/home/eav/www/promobar/wp-content/plugins/sender-pro/bws_menu/bws_include.php): failed to open stream: No such file or directory in /home/eav/www/promobar/wp-content/plugins/sender-pro/sender-pro.php on line 100
[01-Dec-2017 11:26:03 UTC] PHP Fatal error:  require_once(): Failed opening required '/home/eav/www/promobar/wp-content/plugins/sender-pro/bws_menu/bws_include.php' (include_path='.:/opt/lampp/lib/php') in /home/eav/www/promobar/wp-content/plugins/sender-pro/sender-pro.php on line 100
[01-Dec-2017 11:28:03 UTC] PHP Warning:  require_once(/home/eav/www/promobar/wp-content/plugins/sender-pro/bws_menu/bws_include.php): failed to open stream: No such file or directory in /home/eav/www/promobar/wp-content/plugins/sender-pro/sender-pro.php on line 100
[01-Dec-2017 11:28:03 UTC] PHP Fatal error:  require_once(): Failed opening required '/home/eav/www/promobar/wp-content/plugins/sender-pro/bws_menu/bws_include.php' (include_path='.:/opt/lampp/lib/php') in /home/eav/www/promobar/wp-content/plugins/sender-pro/sender-pro.php on line 100
[01-Dec-2017 11:28:03 UTC] PHP Warning:  require_once(/home/eav/www/promobar/wp-content/plugins/sender-pro/bws_menu/bws_include.php): failed to open stream: No such file or directory in /home/eav/www/promobar/wp-content/plugins/sender-pro/sender-pro.php on line 100
[01-Dec-2017 11:28:03 UTC] PHP Fatal error:  require_once(): Failed opening required '/home/eav/www/promobar/wp-content/plugins/sender-pro/bws_menu/bws_include.php' (include_path='.:/opt/lampp/lib/php') in /home/eav/www/promobar/wp-content/plugins/sender-pro/sender-pro.php on line 100
[01-Dec-2017 13:59:44 UTC] PHP Warning:  require_once(/home/eav/www/promobar/wp-content/plugins/sender/bws_menu/bws_include.php): failed to open stream: No such file or directory in /home/eav/www/promobar/wp-content/plugins/sender/sender.php on line 83
[01-Dec-2017 13:59:44 UTC] PHP Fatal error:  require_once(): Failed opening required '/home/eav/www/promobar/wp-content/plugins/sender/bws_menu/bws_include.php' (include_path='.:/opt/lampp/lib/php') in /home/eav/www/promobar/wp-content/plugins/sender/sender.php on line 83
[01-Dec-2017 14:02:16 UTC] PHP Warning:  require_once(/home/eav/www/promobar/wp-content/plugins/sender/bws_menu/bws_include.php): failed to open stream: No such file or directory in /home/eav/www/promobar/wp-content/plugins/sender/sender.php on line 83
[01-Dec-2017 14:02:16 UTC] PHP Fatal error:  require_once(): Failed opening required '/home/eav/www/promobar/wp-content/plugins/sender/bws_menu/bws_include.php' (include_path='.:/opt/lampp/lib/php') in /home/eav/www/promobar/wp-content/plugins/sender/sender.php on line 83
[01-Dec-2017 14:08:29 UTC] PHP Warning:  require_once(/home/eav/www/promobar/wp-content/plugins/sender-pro/bws_menu/bws_include.php): failed to open stream: No such file or directory in /home/eav/www/promobar/wp-content/plugins/sender-pro/sender-pro.php on line 100
[01-Dec-2017 14:08:29 UTC] PHP Fatal error:  require_once(): Failed opening required '/home/eav/www/promobar/wp-content/plugins/sender-pro/bws_menu/bws_include.php' (include_path='.:/opt/lampp/lib/php') in /home/eav/www/promobar/wp-content/plugins/sender-pro/sender-pro.php on line 100
[01-Dec-2017 14:12:50 UTC] PHP Warning:  require_once(/home/eav/www/promobar/wp-content/plugins/sender-pro/bws_menu/bws_include.php): failed to open stream: No such file or directory in /home/eav/www/promobar/wp-content/plugins/sender-pro/sender-pro.php on line 100
[01-Dec-2017 14:12:50 UTC] PHP Fatal error:  require_once(): Failed opening required '/home/eav/www/promobar/wp-content/plugins/sender-pro/bws_menu/bws_include.php' (include_path='.:/opt/lampp/lib/php') in /home/eav/www/promobar/wp-content/plugins/sender-pro/sender-pro.php on line 100
[01-Dec-2017 21:02:43 UTC] PHP Warning:  require_once(/home/eav/www/promobar/wp-content/plugins/sender-pro/bws_menu/bws_include.php): failed to open stream: No such file or directory in /home/eav/www/promobar/wp-content/plugins/sender-pro/sender-pro.php on line 100
[01-Dec-2017 21:02:43 UTC] PHP Fatal error:  require_once(): Failed opening required '/home/eav/www/promobar/wp-content/plugins/sender-pro/bws_menu/bws_include.php' (include_path='.:/opt/lampp/lib/php') in /home/eav/www/promobar/wp-content/plugins/sender-pro/sender-pro.php on line 100
[01-Dec-2017 21:02:49 UTC] PHP Warning:  require_once(/home/eav/www/promobar/wp-content/plugins/sender-pro/bws_menu/bws_include.php): failed to open stream: No such file or directory in /home/eav/www/promobar/wp-content/plugins/sender-pro/sender-pro.php on line 100
[01-Dec-2017 21:02:49 UTC] PHP Fatal error:  require_once(): Failed opening required '/home/eav/www/promobar/wp-content/plugins/sender-pro/bws_menu/bws_include.php' (include_path='.:/opt/lampp/lib/php') in /home/eav/www/promobar/wp-content/plugins/sender-pro/sender-pro.php on line 100
[01-Dec-2017 21:02:51 UTC] PHP Warning:  require_once(/home/eav/www/promobar/wp-content/plugins/sender-pro/bws_menu/bws_include.php): failed to open stream: No such file or directory in /home/eav/www/promobar/wp-content/plugins/sender-pro/sender-pro.php on line 100
[01-Dec-2017 21:02:51 UTC] PHP Fatal error:  require_once(): Failed opening required '/home/eav/www/promobar/wp-content/plugins/sender-pro/bws_menu/bws_include.php' (include_path='.:/opt/lampp/lib/php') in /home/eav/www/promobar/wp-content/plugins/sender-pro/sender-pro.php on line 100
[01-Dec-2017 21:05:48 UTC] PHP Warning:  Сталася неочікувана помилка. Можливо, щось не так з сайтом WordPress.org або з налаштуваннями вашого серверу. Якщо проблема не вирішиться, зверніться на <a href="https://uk.wordpress.org/support/">форуми підтримки</a>. (WordPress не зміг встановити безпечне з'єднання з сервером WordPress.org. Будь ласка, зв'яжіться з адміністратором вашого серверу.) in /home/eav/www/promobar/wp-includes/update.php on line 156
[01-Dec-2017 21:05:48 UTC] PHP Warning:  Сталася неочікувана помилка. Можливо, щось не так з сайтом WordPress.org або з налаштуваннями вашого серверу. Якщо проблема не вирішиться, зверніться на <a href="https://uk.wordpress.org/support/">форуми підтримки</a>. (WordPress не зміг встановити безпечне з'єднання з сервером WordPress.org. Будь ласка, зв'яжіться з адміністратором вашого серверу.) in /home/eav/www/promobar/wp-includes/update.php on line 348
[01-Dec-2017 21:05:48 UTC] PHP Warning:  Сталася неочікувана помилка. Можливо, щось не так з сайтом WordPress.org або з налаштуваннями вашого серверу. Якщо проблема не вирішиться, зверніться на <a href="https://uk.wordpress.org/support/">форуми підтримки</a>. (WordPress не зміг встановити безпечне з'єднання з сервером WordPress.org. Будь ласка, зв'яжіться з адміністратором вашого серверу.) in /home/eav/www/promobar/wp-includes/update.php on line 526
[01-Dec-2017 21:10:00 UTC] PHP Warning:  require_once(/home/eav/www/promobar/wp-content/plugins/sender-pro/bws_menu/bws_include.php): failed to open stream: No such file or directory in /home/eav/www/promobar/wp-content/plugins/sender-pro/sender-pro.php on line 100
[01-Dec-2017 21:10:00 UTC] PHP Fatal error:  require_once(): Failed opening required '/home/eav/www/promobar/wp-content/plugins/sender-pro/bws_menu/bws_include.php' (include_path='.:/opt/lampp/lib/php') in /home/eav/www/promobar/wp-content/plugins/sender-pro/sender-pro.php on line 100
[01-Dec-2017 21:10:01 UTC] PHP Warning:  require_once(/home/eav/www/promobar/wp-content/plugins/sender-pro/bws_menu/bws_include.php): failed to open stream: No such file or directory in /home/eav/www/promobar/wp-content/plugins/sender-pro/sender-pro.php on line 100
[01-Dec-2017 21:10:01 UTC] PHP Fatal error:  require_once(): Failed opening required '/home/eav/www/promobar/wp-content/plugins/sender-pro/bws_menu/bws_include.php' (include_path='.:/opt/lampp/lib/php') in /home/eav/www/promobar/wp-content/plugins/sender-pro/sender-pro.php on line 100
[01-Dec-2017 21:10:01 UTC] PHP Warning:  require_once(/home/eav/www/promobar/wp-content/plugins/sender-pro/bws_menu/bws_include.php): failed to open stream: No such file or directory in /home/eav/www/promobar/wp-content/plugins/sender-pro/sender-pro.php on line 100
[01-Dec-2017 21:10:01 UTC] PHP Fatal error:  require_once(): Failed opening required '/home/eav/www/promobar/wp-content/plugins/sender-pro/bws_menu/bws_include.php' (include_path='.:/opt/lampp/lib/php') in /home/eav/www/promobar/wp-content/plugins/sender-pro/sender-pro.php on line 100
[01-Dec-2017 21:12:01 UTC] PHP Warning:  require_once(/home/eav/www/promobar/wp-content/plugins/sender-pro/bws_menu/bws_include.php): failed to open stream: No such file or directory in /home/eav/www/promobar/wp-content/plugins/sender-pro/sender-pro.php on line 100
[01-Dec-2017 21:12:01 UTC] PHP Fatal error:  require_once(): Failed opening required '/home/eav/www/promobar/wp-content/plugins/sender-pro/bws_menu/bws_include.php' (include_path='.:/opt/lampp/lib/php') in /home/eav/www/promobar/wp-content/plugins/sender-pro/sender-pro.php on line 100
[01-Dec-2017 21:12:08 UTC] PHP Warning:  require_once(/home/eav/www/promobar/wp-content/plugins/sender-pro/bws_menu/bws_include.php): failed to open stream: No such file or directory in /home/eav/www/promobar/wp-content/plugins/sender-pro/sender-pro.php on line 100
[01-Dec-2017 21:12:08 UTC] PHP Fatal error:  require_once(): Failed opening required '/home/eav/www/promobar/wp-content/plugins/sender-pro/bws_menu/bws_include.php' (include_path='.:/opt/lampp/lib/php') in /home/eav/www/promobar/wp-content/plugins/sender-pro/sender-pro.php on line 100
[05-Dec-2017 13:29:32 UTC] WordPress database error Table 'eav_promobar.wp_sndr_mail_sendWHERE' doesn't exist for query SHOW FULL COLUMNS FROM `wp_sndr_mail_sendWHERE` made by do_action('sender_page_view_mail_send'), WP_Hook->do_action, WP_Hook->apply_filters, call_user_func_array, sndr_mail_view, SNDR_Report_List->prepare_items, SNDR_Report_List->report_list
[05-Dec-2017 13:29:32 UTC] WordPress database error Table 'eav_promobar.wp_sndr_mail_sendWHERE' doesn't exist for query SHOW FULL COLUMNS FROM `wp_sndr_mail_sendWHERE` made by do_action('sender_page_view_mail_send'), WP_Hook->do_action, WP_Hook->apply_filters, call_user_func_array, sndr_mail_view, SNDR_Report_List->prepare_items, SNDR_Report_List->report_list
[05-Dec-2017 13:30:38 UTC] WordPress database error Table 'eav_promobar.wp_sndr_mail_sendWHERE' doesn't exist for query SHOW FULL COLUMNS FROM `wp_sndr_mail_sendWHERE` made by do_action('sender_page_view_mail_send'), WP_Hook->do_action, WP_Hook->apply_filters, call_user_func_array, sndr_mail_view, SNDR_Report_List->prepare_items, SNDR_Report_List->report_list
[05-Dec-2017 13:30:38 UTC] WordPress database error Table 'eav_promobar.wp_sndr_mail_sendWHERE' doesn't exist for query SHOW FULL COLUMNS FROM `wp_sndr_mail_sendWHERE` made by do_action('sender_page_view_mail_send'), WP_Hook->do_action, WP_Hook->apply_filters, call_user_func_array, sndr_mail_view, SNDR_Report_List->prepare_items, SNDR_Report_List->report_list
[05-Dec-2017 13:31:45 UTC] WordPress database error Table 'eav_promobar.wp_sndr_mail_sendWHERE' doesn't exist for query SHOW FULL COLUMNS FROM `wp_sndr_mail_sendWHERE` made by do_action('sender_page_view_mail_send'), WP_Hook->do_action, WP_Hook->apply_filters, call_user_func_array, sndr_mail_view, SNDR_Report_List->prepare_items, SNDR_Report_List->report_list
[05-Dec-2017 13:31:45 UTC] WordPress database error Table 'eav_promobar.wp_sndr_mail_sendWHERE' doesn't exist for query SHOW FULL COLUMNS FROM `wp_sndr_mail_sendWHERE` made by do_action('sender_page_view_mail_send'), WP_Hook->do_action, WP_Hook->apply_filters, call_user_func_array, sndr_mail_view, SNDR_Report_List->prepare_items, SNDR_Report_List->report_list
[05-Dec-2017 13:38:36 UTC] WordPress database error Table 'eav_promobar.wp_sndr_mail_sendWHERE' doesn't exist for query SHOW FULL COLUMNS FROM `wp_sndr_mail_sendWHERE` made by do_action('sender_page_view_mail_send'), WP_Hook->do_action, WP_Hook->apply_filters, call_user_func_array, sndr_mail_view, SNDR_Report_List->prepare_items, SNDR_Report_List->report_list
[05-Dec-2017 13:38:36 UTC] WordPress database error Table 'eav_promobar.wp_sndr_mail_sendWHERE' doesn't exist for query SHOW FULL COLUMNS FROM `wp_sndr_mail_sendWHERE` made by do_action('sender_page_view_mail_send'), WP_Hook->do_action, WP_Hook->apply_filters, call_user_func_array, sndr_mail_view, SNDR_Report_List->prepare_items, SNDR_Report_List->report_list
[05-Dec-2017 14:11:15 UTC] WordPress database error Table 'eav_promobar.wp_sndr_distribution_listsWHERE' doesn't exist for query SHOW FULL COLUMNS FROM `wp_sndr_distribution_listsWHERE` made by do_action('sender-pro_page_sndr_distribution_list'), WP_Hook->do_action, WP_Hook->apply_filters, call_user_func_array, sndr_distribution_list, Sndr_Distribution_List->prepare_items, Sndr_Distribution_List->items_count
[05-Dec-2017 14:11:15 UTC] WordPress database error Table 'eav_promobar.wp_sndr_distribution_listsWHERE' doesn't exist for query SHOW FULL COLUMNS FROM `wp_sndr_distribution_listsWHERE` made by do_action('sender-pro_page_sndr_distribution_list'), WP_Hook->do_action, WP_Hook->apply_filters, call_user_func_array, sndr_distribution_list, Sndr_Distribution_List->prepare_items, Sndr_Distribution_List->items_count
[05-Dec-2017 14:11:24 UTC] WordPress database error Table 'eav_promobar.wp_sndr_distribution_listsWHERE' doesn't exist for query SHOW FULL COLUMNS FROM `wp_sndr_distribution_listsWHERE` made by do_action('sender-pro_page_sndr_distribution_list'), WP_Hook->do_action, WP_Hook->apply_filters, call_user_func_array, sndr_distribution_list, Sndr_Distribution_List->prepare_items, Sndr_Distribution_List->items_count
[05-Dec-2017 14:11:24 UTC] WordPress database error Table 'eav_promobar.wp_sndr_distribution_listsWHERE' doesn't exist for query SHOW FULL COLUMNS FROM `wp_sndr_distribution_listsWHERE` made by do_action('sender-pro_page_sndr_distribution_list'), WP_Hook->do_action, WP_Hook->apply_filters, call_user_func_array, sndr_distribution_list, Sndr_Distribution_List->prepare_items, Sndr_Distribution_List->items_count
[05-Dec-2017 14:11:34 UTC] WordPress database error Table 'eav_promobar.wp_sndr_distribution_listsWHERE' doesn't exist for query SHOW FULL COLUMNS FROM `wp_sndr_distribution_listsWHERE` made by do_action('sender-pro_page_sndr_distribution_list'), WP_Hook->do_action, WP_Hook->apply_filters, call_user_func_array, sndr_distribution_list, Sndr_Distribution_List->prepare_items, Sndr_Distribution_List->items_count
[05-Dec-2017 14:11:34 UTC] WordPress database error Table 'eav_promobar.wp_sndr_distribution_listsWHERE' doesn't exist for query SHOW FULL COLUMNS FROM `wp_sndr_distribution_listsWHERE` made by do_action('sender-pro_page_sndr_distribution_list'), WP_Hook->do_action, WP_Hook->apply_filters, call_user_func_array, sndr_distribution_list, Sndr_Distribution_List->prepare_items, Sndr_Distribution_List->items_count
[05-Dec-2017 14:11:37 UTC] WordPress database error Table 'eav_promobar.wp_sndr_distribution_listsWHERE' doesn't exist for query SHOW FULL COLUMNS FROM `wp_sndr_distribution_listsWHERE` made by do_action('sender-pro_page_sndr_distribution_list'), WP_Hook->do_action, WP_Hook->apply_filters, call_user_func_array, sndr_distribution_list, Sndr_Distribution_List->prepare_items, Sndr_Distribution_List->items_count
[05-Dec-2017 14:11:37 UTC] WordPress database error Table 'eav_promobar.wp_sndr_distribution_listsWHERE' doesn't exist for query SHOW FULL COLUMNS FROM `wp_sndr_distribution_listsWHERE` made by do_action('sender-pro_page_sndr_distribution_list'), WP_Hook->do_action, WP_Hook->apply_filters, call_user_func_array, sndr_distribution_list, Sndr_Distribution_List->prepare_items, Sndr_Distribution_List->items_count
[05-Dec-2017 14:11:38 UTC] WordPress database error Table 'eav_promobar.wp_sndr_distribution_listsWHERE' doesn't exist for query SHOW FULL COLUMNS FROM `wp_sndr_distribution_listsWHERE` made by do_action('sender-pro_page_sndr_distribution_list'), WP_Hook->do_action, WP_Hook->apply_filters, call_user_func_array, sndr_distribution_list, Sndr_Distribution_List->prepare_items, Sndr_Distribution_List->items_count
[05-Dec-2017 14:11:38 UTC] WordPress database error Table 'eav_promobar.wp_sndr_distribution_listsWHERE' doesn't exist for query SHOW FULL COLUMNS FROM `wp_sndr_distribution_listsWHERE` made by do_action('sender-pro_page_sndr_distribution_list'), WP_Hook->do_action, WP_Hook->apply_filters, call_user_func_array, sndr_distribution_list, Sndr_Distribution_List->prepare_items, Sndr_Distribution_List->items_count
[05-Dec-2017 14:15:16 UTC] WordPress database error Table 'eav_promobar.wp_sndr_distribution_listsWHERE' doesn't exist for query SHOW FULL COLUMNS FROM `wp_sndr_distribution_listsWHERE` made by do_action('sender-pro_page_sndr_distribution_list'), WP_Hook->do_action, WP_Hook->apply_filters, call_user_func_array, sndr_distribution_list, Sndr_Distribution_List->prepare_items, Sndr_Distribution_List->items_count
[05-Dec-2017 14:15:16 UTC] WordPress database error Table 'eav_promobar.wp_sndr_distribution_listsWHERE' doesn't exist for query SHOW FULL COLUMNS FROM `wp_sndr_distribution_listsWHERE` made by do_action('sender-pro_page_sndr_distribution_list'), WP_Hook->do_action, WP_Hook->apply_filters, call_user_func_array, sndr_distribution_list, Sndr_Distribution_List->prepare_items, Sndr_Distribution_List->items_count
[05-Dec-2017 14:17:18 UTC] WordPress database error Table 'eav_promobar.wp_sndr_distribution_listsWHERE' doesn't exist for query SHOW FULL COLUMNS FROM `wp_sndr_distribution_listsWHERE` made by do_action('sender-pro_page_sndr_distribution_list'), WP_Hook->do_action, WP_Hook->apply_filters, call_user_func_array, sndr_distribution_list, Sndr_Distribution_List->prepare_items, Sndr_Distribution_List->items_count
[05-Dec-2017 14:17:18 UTC] WordPress database error Table 'eav_promobar.wp_sndr_distribution_listsWHERE' doesn't exist for query SHOW FULL COLUMNS FROM `wp_sndr_distribution_listsWHERE` made by do_action('sender-pro_page_sndr_distribution_list'), WP_Hook->do_action, WP_Hook->apply_filters, call_user_func_array, sndr_distribution_list, Sndr_Distribution_List->prepare_items, Sndr_Distribution_List->items_count
[05-Dec-2017 14:17:51 UTC] WordPress database error Table 'eav_promobar.wp_sndr_distribution_listsWHERE' doesn't exist for query SHOW FULL COLUMNS FROM `wp_sndr_distribution_listsWHERE` made by do_action('sender-pro_page_sndr_distribution_list'), WP_Hook->do_action, WP_Hook->apply_filters, call_user_func_array, sndr_distribution_list, Sndr_Distribution_List->prepare_items, Sndr_Distribution_List->items_count
[05-Dec-2017 14:17:51 UTC] WordPress database error Table 'eav_promobar.wp_sndr_distribution_listsWHERE' doesn't exist for query SHOW FULL COLUMNS FROM `wp_sndr_distribution_listsWHERE` made by do_action('sender-pro_page_sndr_distribution_list'), WP_Hook->do_action, WP_Hook->apply_filters, call_user_func_array, sndr_distribution_list, Sndr_Distribution_List->prepare_items, Sndr_Distribution_List->items_count
[05-Dec-2017 14:19:09 UTC] WordPress database error Table 'eav_promobar.wp_sndr_distribution_listsWHERE' doesn't exist for query SHOW FULL COLUMNS FROM `wp_sndr_distribution_listsWHERE` made by do_action('sender-pro_page_sndr_distribution_list'), WP_Hook->do_action, WP_Hook->apply_filters, call_user_func_array, sndr_distribution_list, Sndr_Distribution_List->prepare_items, Sndr_Distribution_List->items_count
[05-Dec-2017 14:19:09 UTC] WordPress database error Table 'eav_promobar.wp_sndr_distribution_listsWHERE' doesn't exist for query SHOW FULL COLUMNS FROM `wp_sndr_distribution_listsWHERE` made by do_action('sender-pro_page_sndr_distribution_list'), WP_Hook->do_action, WP_Hook->apply_filters, call_user_func_array, sndr_distribution_list, Sndr_Distribution_List->prepare_items, Sndr_Distribution_List->items_count
[05-Dec-2017 14:29:11 UTC] WordPress database error Table 'eav_promobar.wp_sndr_distribution_listsWHERE' doesn't exist for query SHOW FULL COLUMNS FROM `wp_sndr_distribution_listsWHERE` made by do_action('sender-pro_page_sndr_distribution_list'), WP_Hook->do_action, WP_Hook->apply_filters, call_user_func_array, sndr_distribution_list, Sndr_Distribution_List->prepare_items, Sndr_Distribution_List->items_count
[05-Dec-2017 14:29:11 UTC] WordPress database error Table 'eav_promobar.wp_sndr_distribution_listsWHERE' doesn't exist for query SHOW FULL COLUMNS FROM `wp_sndr_distribution_listsWHERE` made by do_action('sender-pro_page_sndr_distribution_list'), WP_Hook->do_action, WP_Hook->apply_filters, call_user_func_array, sndr_distribution_list, Sndr_Distribution_List->prepare_items, Sndr_Distribution_List->items_count
[05-Dec-2017 14:32:15 UTC] WordPress database error Table 'eav_promobar.wp_sndr_distribution_listsWHERE' doesn't exist for query SHOW FULL COLUMNS FROM `wp_sndr_distribution_listsWHERE` made by do_action('sender-pro_page_sndr_distribution_list'), WP_Hook->do_action, WP_Hook->apply_filters, call_user_func_array, sndr_distribution_list, Sndr_Distribution_List->prepare_items, Sndr_Distribution_List->items_count
[05-Dec-2017 14:32:15 UTC] WordPress database error Table 'eav_promobar.wp_sndr_distribution_listsWHERE' doesn't exist for query SHOW FULL COLUMNS FROM `wp_sndr_distribution_listsWHERE` made by do_action('sender-pro_page_sndr_distribution_list'), WP_Hook->do_action, WP_Hook->apply_filters, call_user_func_array, sndr_distribution_list, Sndr_Distribution_List->prepare_items, Sndr_Distribution_List->items_count
[05-Dec-2017 14:34:11 UTC] WordPress database error Table 'eav_promobar.wp_sndr_distribution_listsWHERE' doesn't exist for query SHOW FULL COLUMNS FROM `wp_sndr_distribution_listsWHERE` made by do_action('sender-pro_page_sndr_distribution_list'), WP_Hook->do_action, WP_Hook->apply_filters, call_user_func_array, sndr_distribution_list, Sndr_Distribution_List->prepare_items, Sndr_Distribution_List->items_count
[05-Dec-2017 14:34:11 UTC] WordPress database error Table 'eav_promobar.wp_sndr_distribution_listsWHERE' doesn't exist for query SHOW FULL COLUMNS FROM `wp_sndr_distribution_listsWHERE` made by do_action('sender-pro_page_sndr_distribution_list'), WP_Hook->do_action, WP_Hook->apply_filters, call_user_func_array, sndr_distribution_list, Sndr_Distribution_List->prepare_items, Sndr_Distribution_List->items_count
[06-Dec-2017 10:53:14 UTC] PHP Warning:  fopen(/home/eav/www/promobar/wp-content/plugins/sender/sender.php): failed to open stream: No such file or directory in /home/eav/www/promobar/wp-includes/functions.php on line 4833
[06-Dec-2017 10:53:14 UTC] PHP Warning:  fread() expects parameter 1 to be resource, boolean given in /home/eav/www/promobar/wp-includes/functions.php on line 4836
[06-Dec-2017 10:53:14 UTC] PHP Warning:  fclose() expects parameter 1 to be resource, boolean given in /home/eav/www/promobar/wp-includes/functions.php on line 4839
[06-Dec-2017 10:53:14 UTC] PHP Warning:  include(/home/eav/www/promobar/wp-content/plugins/sender/sender.php): failed to open stream: No such file or directory in /home/eav/www/promobar/wp-admin/includes/plugin.php on line 1030
[06-Dec-2017 10:53:14 UTC] PHP Warning:  include(): Failed opening '/home/eav/www/promobar/wp-content/plugins/sender/sender.php' for inclusion (include_path='.:/opt/lampp/lib/php') in /home/eav/www/promobar/wp-admin/includes/plugin.php on line 1030
[06-Dec-2017 10:53:14 UTC] PHP Warning:  call_user_func_array() expects parameter 1 to be a valid callback, function 'sndr_send_uninstall' not found or invalid function name in /home/eav/www/promobar/wp-includes/class-wp-hook.php on line 286
[06-Dec-2017 10:57:41 UTC] PHP Notice:  Undefined index: allow_editor in /home/eav/www/promobar/wp-content/plugins/sender-pro/sender-pro.php on line 36
[06-Dec-2017 11:12:43 UTC] PHP Warning:  Произошла непредвиденная ошибка. Возможно, что-то не так с сайтом WordPress.org или с настройками вашего сервера. Если проблема не решится, обратитесь на <a href="https://ru.forums.wordpress.org/">форумы поддержки</a>. (Не удалось установить защищённое соединение с WordPress.org. Пожалуйста, свяжитесь с администратором сервера.) in /home/eav/www/promobar/wp-includes/update.php on line 348
[06-Dec-2017 13:44:51 UTC] PHP Warning:  Произошла непредвиденная ошибка. Возможно, что-то не так с сайтом WordPress.org или с настройками вашего сервера. Если проблема не решится, обратитесь на <a href="https://ru.forums.wordpress.org/">форумы поддержки</a>. (Не удалось установить защищённое соединение с WordPress.org. Пожалуйста, свяжитесь с администратором сервера.) in /home/eav/www/promobar/wp-includes/update.php on line 156
[06-Dec-2017 15:44:14 UTC] PHP Fatal error:  Call to undefined function _xe() in /home/eav/www/promobar/wp-content/plugins/sender-pro/files/letters.php on line 716
[06-Dec-2017 15:45:55 UTC] PHP Warning:  require_once(/home/eav/www/promobar/wp-content/plugins/sender-pro/bws_menu/bws_include.php): failed to open stream: No such file or directory in /home/eav/www/promobar/wp-content/plugins/sender-pro/sender-pro.php on line 100
[06-Dec-2017 15:45:55 UTC] PHP Fatal error:  require_once(): Failed opening required '/home/eav/www/promobar/wp-content/plugins/sender-pro/bws_menu/bws_include.php' (include_path='.:/opt/lampp/lib/php') in /home/eav/www/promobar/wp-content/plugins/sender-pro/sender-pro.php on line 100
[06-Dec-2017 15:45:58 UTC] PHP Warning:  require_once(/home/eav/www/promobar/wp-content/plugins/sender-pro/bws_menu/bws_include.php): failed to open stream: No such file or directory in /home/eav/www/promobar/wp-content/plugins/sender-pro/sender-pro.php on line 100
[06-Dec-2017 15:45:58 UTC] PHP Fatal error:  require_once(): Failed opening required '/home/eav/www/promobar/wp-content/plugins/sender-pro/bws_menu/bws_include.php' (include_path='.:/opt/lampp/lib/php') in /home/eav/www/promobar/wp-content/plugins/sender-pro/sender-pro.php on line 100
[06-Dec-2017 15:45:59 UTC] PHP Warning:  require_once(/home/eav/www/promobar/wp-content/plugins/sender-pro/bws_menu/bws_include.php): failed to open stream: No such file or directory in /home/eav/www/promobar/wp-content/plugins/sender-pro/sender-pro.php on line 100
[06-Dec-2017 15:45:59 UTC] PHP Fatal error:  require_once(): Failed opening required '/home/eav/www/promobar/wp-content/plugins/sender-pro/bws_menu/bws_include.php' (include_path='.:/opt/lampp/lib/php') in /home/eav/www/promobar/wp-content/plugins/sender-pro/sender-pro.php on line 100
[06-Dec-2017 15:46:27 UTC] PHP Warning:  require_once(/home/eav/www/promobar/wp-content/plugins/sender-pro/bws_menu/bws_include.php): failed to open stream: No such file or directory in /home/eav/www/promobar/wp-content/plugins/sender-pro/sender-pro.php on line 100
[06-Dec-2017 15:46:27 UTC] PHP Fatal error:  require_once(): Failed opening required '/home/eav/www/promobar/wp-content/plugins/sender-pro/bws_menu/bws_include.php' (include_path='.:/opt/lampp/lib/php') in /home/eav/www/promobar/wp-content/plugins/sender-pro/sender-pro.php on line 100
[06-Dec-2017 15:47:14 UTC] PHP Warning:  require_once(/home/eav/www/promobar/wp-content/plugins/sender-pro/bws_menu/bws_include.php): failed to open stream: No such file or directory in /home/eav/www/promobar/wp-content/plugins/sender-pro/sender-pro.php on line 100
[06-Dec-2017 15:47:14 UTC] PHP Fatal error:  require_once(): Failed opening required '/home/eav/www/promobar/wp-content/plugins/sender-pro/bws_menu/bws_include.php' (include_path='.:/opt/lampp/lib/php') in /home/eav/www/promobar/wp-content/plugins/sender-pro/sender-pro.php on line 100
[06-Dec-2017 15:47:16 UTC] PHP Warning:  require_once(/home/eav/www/promobar/wp-content/plugins/sender-pro/bws_menu/bws_include.php): failed to open stream: No such file or directory in /home/eav/www/promobar/wp-content/plugins/sender-pro/sender-pro.php on line 100
[06-Dec-2017 15:47:16 UTC] PHP Fatal error:  require_once(): Failed opening required '/home/eav/www/promobar/wp-content/plugins/sender-pro/bws_menu/bws_include.php' (include_path='.:/opt/lampp/lib/php') in /home/eav/www/promobar/wp-content/plugins/sender-pro/sender-pro.php on line 100
[06-Dec-2017 15:47:56 UTC] PHP Warning:  require_once(/home/eav/www/promobar/wp-content/plugins/sender-pro/bws_menu/bws_include.php): failed to open stream: No such file or directory in /home/eav/www/promobar/wp-content/plugins/sender-pro/sender-pro.php on line 100
[06-Dec-2017 15:47:56 UTC] PHP Fatal error:  require_once(): Failed opening required '/home/eav/www/promobar/wp-content/plugins/sender-pro/bws_menu/bws_include.php' (include_path='.:/opt/lampp/lib/php') in /home/eav/www/promobar/wp-content/plugins/sender-pro/sender-pro.php on line 100
[06-Dec-2017 15:47:58 UTC] PHP Warning:  require_once(/home/eav/www/promobar/wp-content/plugins/sender-pro/bws_menu/bws_include.php): failed to open stream: No such file or directory in /home/eav/www/promobar/wp-content/plugins/sender-pro/sender-pro.php on line 100
[06-Dec-2017 15:47:58 UTC] PHP Fatal error:  require_once(): Failed opening required '/home/eav/www/promobar/wp-content/plugins/sender-pro/bws_menu/bws_include.php' (include_path='.:/opt/lampp/lib/php') in /home/eav/www/promobar/wp-content/plugins/sender-pro/sender-pro.php on line 100
[06-Dec-2017 15:47:59 UTC] PHP Warning:  require_once(/home/eav/www/promobar/wp-content/plugins/sender-pro/bws_menu/bws_include.php): failed to open stream: No such file or directory in /home/eav/www/promobar/wp-content/plugins/sender-pro/sender-pro.php on line 100
[06-Dec-2017 15:47:59 UTC] PHP Fatal error:  require_once(): Failed opening required '/home/eav/www/promobar/wp-content/plugins/sender-pro/bws_menu/bws_include.php' (include_path='.:/opt/lampp/lib/php') in /home/eav/www/promobar/wp-content/plugins/sender-pro/sender-pro.php on line 100
[06-Dec-2017 15:48:27 UTC] PHP Warning:  require_once(/home/eav/www/promobar/wp-content/plugins/sender-pro/bws_menu/bws_include.php): failed to open stream: No such file or directory in /home/eav/www/promobar/wp-content/plugins/sender-pro/sender-pro.php on line 100
[06-Dec-2017 15:48:27 UTC] PHP Fatal error:  require_once(): Failed opening required '/home/eav/www/promobar/wp-content/plugins/sender-pro/bws_menu/bws_include.php' (include_path='.:/opt/lampp/lib/php') in /home/eav/www/promobar/wp-content/plugins/sender-pro/sender-pro.php on line 100
[06-Dec-2017 15:49:15 UTC] PHP Warning:  require_once(/home/eav/www/promobar/wp-content/plugins/sender-pro/bws_menu/bws_include.php): failed to open stream: No such file or directory in /home/eav/www/promobar/wp-content/plugins/sender-pro/sender-pro.php on line 100
[06-Dec-2017 15:49:15 UTC] PHP Fatal error:  require_once(): Failed opening required '/home/eav/www/promobar/wp-content/plugins/sender-pro/bws_menu/bws_include.php' (include_path='.:/opt/lampp/lib/php') in /home/eav/www/promobar/wp-content/plugins/sender-pro/sender-pro.php on line 100
[06-Dec-2017 15:49:16 UTC] PHP Warning:  require_once(/home/eav/www/promobar/wp-content/plugins/sender-pro/bws_menu/bws_include.php): failed to open stream: No such file or directory in /home/eav/www/promobar/wp-content/plugins/sender-pro/sender-pro.php on line 100
[06-Dec-2017 15:49:16 UTC] PHP Fatal error:  require_once(): Failed opening required '/home/eav/www/promobar/wp-content/plugins/sender-pro/bws_menu/bws_include.php' (include_path='.:/opt/lampp/lib/php') in /home/eav/www/promobar/wp-content/plugins/sender-pro/sender-pro.php on line 100
[06-Dec-2017 15:49:23 UTC] PHP Warning:  require_once(/home/eav/www/promobar/wp-content/plugins/sender-pro/bws_menu/bws_include.php): failed to open stream: No such file or directory in /home/eav/www/promobar/wp-content/plugins/sender-pro/sender-pro.php on line 100
[06-Dec-2017 15:49:23 UTC] PHP Fatal error:  require_once(): Failed opening required '/home/eav/www/promobar/wp-content/plugins/sender-pro/bws_menu/bws_include.php' (include_path='.:/opt/lampp/lib/php') in /home/eav/www/promobar/wp-content/plugins/sender-pro/sender-pro.php on line 100
[06-Dec-2017 15:49:57 UTC] PHP Warning:  require_once(/home/eav/www/promobar/wp-content/plugins/sender-pro/bws_menu/bws_include.php): failed to open stream: No such file or directory in /home/eav/www/promobar/wp-content/plugins/sender-pro/sender-pro.php on line 100
[06-Dec-2017 15:49:57 UTC] PHP Fatal error:  require_once(): Failed opening required '/home/eav/www/promobar/wp-content/plugins/sender-pro/bws_menu/bws_include.php' (include_path='.:/opt/lampp/lib/php') in /home/eav/www/promobar/wp-content/plugins/sender-pro/sender-pro.php on line 100
[06-Dec-2017 15:49:58 UTC] PHP Warning:  require_once(/home/eav/www/promobar/wp-content/plugins/sender-pro/bws_menu/bws_include.php): failed to open stream: No such file or directory in /home/eav/www/promobar/wp-content/plugins/sender-pro/sender-pro.php on line 100
[06-Dec-2017 15:49:58 UTC] PHP Fatal error:  require_once(): Failed opening required '/home/eav/www/promobar/wp-content/plugins/sender-pro/bws_menu/bws_include.php' (include_path='.:/opt/lampp/lib/php') in /home/eav/www/promobar/wp-content/plugins/sender-pro/sender-pro.php on line 100
[06-Dec-2017 15:49:59 UTC] PHP Warning:  require_once(/home/eav/www/promobar/wp-content/plugins/sender-pro/bws_menu/bws_include.php): failed to open stream: No such file or directory in /home/eav/www/promobar/wp-content/plugins/sender-pro/sender-pro.php on line 100
[06-Dec-2017 15:49:59 UTC] PHP Fatal error:  require_once(): Failed opening required '/home/eav/www/promobar/wp-content/plugins/sender-pro/bws_menu/bws_include.php' (include_path='.:/opt/lampp/lib/php') in /home/eav/www/promobar/wp-content/plugins/sender-pro/sender-pro.php on line 100
[06-Dec-2017 15:51:14 UTC] PHP Warning:  require_once(/home/eav/www/promobar/wp-content/plugins/sender-pro/bws_menu/bws_include.php): failed to open stream: No such file or directory in /home/eav/www/promobar/wp-content/plugins/sender-pro/sender-pro.php on line 100
[06-Dec-2017 15:51:14 UTC] PHP Fatal error:  require_once(): Failed opening required '/home/eav/www/promobar/wp-content/plugins/sender-pro/bws_menu/bws_include.php' (include_path='.:/opt/lampp/lib/php') in /home/eav/www/promobar/wp-content/plugins/sender-pro/sender-pro.php on line 100
[06-Dec-2017 15:51:16 UTC] PHP Warning:  require_once(/home/eav/www/promobar/wp-content/plugins/sender-pro/bws_menu/bws_include.php): failed to open stream: No such file or directory in /home/eav/www/promobar/wp-content/plugins/sender-pro/sender-pro.php on line 100
[06-Dec-2017 15:51:16 UTC] PHP Fatal error:  require_once(): Failed opening required '/home/eav/www/promobar/wp-content/plugins/sender-pro/bws_menu/bws_include.php' (include_path='.:/opt/lampp/lib/php') in /home/eav/www/promobar/wp-content/plugins/sender-pro/sender-pro.php on line 100
[06-Dec-2017 15:51:57 UTC] PHP Warning:  require_once(/home/eav/www/promobar/wp-content/plugins/sender-pro/bws_menu/bws_include.php): failed to open stream: No such file or directory in /home/eav/www/promobar/wp-content/plugins/sender-pro/sender-pro.php on line 100
[06-Dec-2017 15:51:57 UTC] PHP Fatal error:  require_once(): Failed opening required '/home/eav/www/promobar/wp-content/plugins/sender-pro/bws_menu/bws_include.php' (include_path='.:/opt/lampp/lib/php') in /home/eav/www/promobar/wp-content/plugins/sender-pro/sender-pro.php on line 100
[06-Dec-2017 15:51:58 UTC] PHP Warning:  require_once(/home/eav/www/promobar/wp-content/plugins/sender-pro/bws_menu/bws_include.php): failed to open stream: No such file or directory in /home/eav/www/promobar/wp-content/plugins/sender-pro/sender-pro.php on line 100
[06-Dec-2017 15:51:58 UTC] PHP Fatal error:  require_once(): Failed opening required '/home/eav/www/promobar/wp-content/plugins/sender-pro/bws_menu/bws_include.php' (include_path='.:/opt/lampp/lib/php') in /home/eav/www/promobar/wp-content/plugins/sender-pro/sender-pro.php on line 100
[06-Dec-2017 15:51:59 UTC] PHP Warning:  require_once(/home/eav/www/promobar/wp-content/plugins/sender-pro/bws_menu/bws_include.php): failed to open stream: No such file or directory in /home/eav/www/promobar/wp-content/plugins/sender-pro/sender-pro.php on line 100
[06-Dec-2017 15:51:59 UTC] PHP Fatal error:  require_once(): Failed opening required '/home/eav/www/promobar/wp-content/plugins/sender-pro/bws_menu/bws_include.php' (include_path='.:/opt/lampp/lib/php') in /home/eav/www/promobar/wp-content/plugins/sender-pro/sender-pro.php on line 100
[06-Dec-2017 15:58:53 UTC] PHP Warning:  require_once(/home/eav/www/promobar/wp-content/plugins/sender-pro/bws_menu/bws_include.php): failed to open stream: No such file or directory in /home/eav/www/promobar/wp-content/plugins/sender-pro/sender-pro.php on line 100
[06-Dec-2017 15:58:53 UTC] PHP Fatal error:  require_once(): Failed opening required '/home/eav/www/promobar/wp-content/plugins/sender-pro/bws_menu/bws_include.php' (include_path='.:/opt/lampp/lib/php') in /home/eav/www/promobar/wp-content/plugins/sender-pro/sender-pro.php on line 100
[06-Dec-2017 16:01:28 UTC] PHP Warning:  require_once(/home/eav/www/promobar/wp-content/plugins/sender-pro/bws_menu/bws_include.php): failed to open stream: No such file or directory in /home/eav/www/promobar/wp-content/plugins/sender-pro/sender-pro.php on line 100
[06-Dec-2017 16:01:28 UTC] PHP Fatal error:  require_once(): Failed opening required '/home/eav/www/promobar/wp-content/plugins/sender-pro/bws_menu/bws_include.php' (include_path='.:/opt/lampp/lib/php') in /home/eav/www/promobar/wp-content/plugins/sender-pro/sender-pro.php on line 100
[06-Dec-2017 16:03:28 UTC] PHP Warning:  require_once(/home/eav/www/promobar/wp-content/plugins/sender-pro/bws_menu/bws_include.php): failed to open stream: No such file or directory in /home/eav/www/promobar/wp-content/plugins/sender-pro/sender-pro.php on line 100
[06-Dec-2017 16:03:28 UTC] PHP Fatal error:  require_once(): Failed opening required '/home/eav/www/promobar/wp-content/plugins/sender-pro/bws_menu/bws_include.php' (include_path='.:/opt/lampp/lib/php') in /home/eav/www/promobar/wp-content/plugins/sender-pro/sender-pro.php on line 100
[06-Dec-2017 16:05:28 UTC] PHP Warning:  require_once(/home/eav/www/promobar/wp-content/plugins/sender-pro/bws_menu/bws_include.php): failed to open stream: No such file or directory in /home/eav/www/promobar/wp-content/plugins/sender-pro/sender-pro.php on line 100
[06-Dec-2017 16:05:28 UTC] PHP Fatal error:  require_once(): Failed opening required '/home/eav/www/promobar/wp-content/plugins/sender-pro/bws_menu/bws_include.php' (include_path='.:/opt/lampp/lib/php') in /home/eav/www/promobar/wp-content/plugins/sender-pro/sender-pro.php on line 100
[06-Dec-2017 16:05:28 UTC] PHP Warning:  require_once(/home/eav/www/promobar/wp-content/plugins/sender-pro/bws_menu/bws_include.php): failed to open stream: No such file or directory in /home/eav/www/promobar/wp-content/plugins/sender-pro/sender-pro.php on line 100
[06-Dec-2017 16:05:28 UTC] PHP Fatal error:  require_once(): Failed opening required '/home/eav/www/promobar/wp-content/plugins/sender-pro/bws_menu/bws_include.php' (include_path='.:/opt/lampp/lib/php') in /home/eav/www/promobar/wp-content/plugins/sender-pro/sender-pro.php on line 100
[06-Dec-2017 16:16:43 UTC] PHP Warning:  _() expects exactly 1 parameter, 2 given in /home/eav/www/promobar/wp-content/plugins/sender-pro/files/letters.php on line 716
[06-Dec-2017 16:16:53 UTC] PHP Warning:  _() expects exactly 1 parameter, 2 given in /home/eav/www/promobar/wp-content/plugins/sender-pro/files/letters.php on line 716
[06-Dec-2017 16:16:56 UTC] PHP Warning:  _() expects exactly 1 parameter, 2 given in /home/eav/www/promobar/wp-content/plugins/sender-pro/files/letters.php on line 716
[06-Dec-2017 16:17:26 UTC] PHP Warning:  Missing argument 2 for _x(), called in /home/eav/www/promobar/wp-content/plugins/sender-pro/files/letters.php on line 716 and defined in /home/eav/www/promobar/wp-includes/l10n.php on line 294
[06-Dec-2017 16:17:26 UTC] PHP Notice:  Undefined variable: context in /home/eav/www/promobar/wp-includes/l10n.php on line 295
[06-Dec-2017 16:18:40 UTC] PHP Warning:  require_once(/home/eav/www/promobar/wp-content/plugins/sender-pro/bws_menu/bws_include.php): failed to open stream: No such file or directory in /home/eav/www/promobar/wp-content/plugins/sender-pro/sender-pro.php on line 100
[06-Dec-2017 16:18:40 UTC] PHP Fatal error:  require_once(): Failed opening required '/home/eav/www/promobar/wp-content/plugins/sender-pro/bws_menu/bws_include.php' (include_path='.:/opt/lampp/lib/php') in /home/eav/www/promobar/wp-content/plugins/sender-pro/sender-pro.php on line 100
[06-Dec-2017 16:27:55 UTC] PHP Warning:  require_once(/home/eav/www/promobar/wp-content/plugins/sender-pro/bws_menu/bws_include.php): failed to open stream: No such file or directory in /home/eav/www/promobar/wp-content/plugins/sender-pro/sender-pro.php on line 100
[06-Dec-2017 16:27:55 UTC] PHP Fatal error:  require_once(): Failed opening required '/home/eav/www/promobar/wp-content/plugins/sender-pro/bws_menu/bws_include.php' (include_path='.:/opt/lampp/lib/php') in /home/eav/www/promobar/wp-content/plugins/sender-pro/sender-pro.php on line 100
[06-Dec-2017 16:29:56 UTC] PHP Warning:  require_once(/home/eav/www/promobar/wp-content/plugins/sender-pro/bws_menu/bws_include.php): failed to open stream: No such file or directory in /home/eav/www/promobar/wp-content/plugins/sender-pro/sender-pro.php on line 100
[06-Dec-2017 16:29:56 UTC] PHP Fatal error:  require_once(): Failed opening required '/home/eav/www/promobar/wp-content/plugins/sender-pro/bws_menu/bws_include.php' (include_path='.:/opt/lampp/lib/php') in /home/eav/www/promobar/wp-content/plugins/sender-pro/sender-pro.php on line 100
[06-Dec-2017 16:31:42 UTC] PHP Warning:  require_once(/home/eav/www/promobar/wp-content/plugins/sender-pro/bws_menu/bws_include.php): failed to open stream: No such file or directory in /home/eav/www/promobar/wp-content/plugins/sender-pro/sender-pro.php on line 100
[06-Dec-2017 16:31:42 UTC] PHP Fatal error:  require_once(): Failed opening required '/home/eav/www/promobar/wp-content/plugins/sender-pro/bws_menu/bws_include.php' (include_path='.:/opt/lampp/lib/php') in /home/eav/www/promobar/wp-content/plugins/sender-pro/sender-pro.php on line 100
[06-Dec-2017 16:39:18 UTC] PHP Warning:  require_once(/home/eav/www/promobar/wp-content/plugins/sender-pro/bws_menu/bws_include.php): failed to open stream: No such file or directory in /home/eav/www/promobar/wp-content/plugins/sender-pro/sender-pro.php on line 100
[06-Dec-2017 16:39:18 UTC] PHP Fatal error:  require_once(): Failed opening required '/home/eav/www/promobar/wp-content/plugins/sender-pro/bws_menu/bws_include.php' (include_path='.:/opt/lampp/lib/php') in /home/eav/www/promobar/wp-content/plugins/sender-pro/sender-pro.php on line 100
[06-Dec-2017 16:46:26 UTC] PHP Warning:  require_once(/home/eav/www/promobar/wp-content/plugins/sender-pro/bws_menu/bws_include.php): failed to open stream: No such file or directory in /home/eav/www/promobar/wp-content/plugins/sender-pro/sender-pro.php on line 100
[06-Dec-2017 16:46:26 UTC] PHP Fatal error:  require_once(): Failed opening required '/home/eav/www/promobar/wp-content/plugins/sender-pro/bws_menu/bws_include.php' (include_path='.:/opt/lampp/lib/php') in /home/eav/www/promobar/wp-content/plugins/sender-pro/sender-pro.php on line 100
[06-Dec-2017 16:52:07 UTC] PHP Warning:  require_once(/home/eav/www/promobar/wp-content/plugins/sender-pro/bws_menu/bws_include.php): failed to open stream: No such file or directory in /home/eav/www/promobar/wp-content/plugins/sender-pro/sender-pro.php on line 100
[06-Dec-2017 16:52:07 UTC] PHP Fatal error:  require_once(): Failed opening required '/home/eav/www/promobar/wp-content/plugins/sender-pro/bws_menu/bws_include.php' (include_path='.:/opt/lampp/lib/php') in /home/eav/www/promobar/wp-content/plugins/sender-pro/sender-pro.php on line 100
[07-Dec-2017 11:43:27 UTC] PHP Warning:  Произошла непредвиденная ошибка. Возможно, что-то не так с сайтом WordPress.org или с настройками вашего сервера. Если проблема не решится, обратитесь на <a href="https://ru.forums.wordpress.org/">форумы поддержки</a>. (Не удалось установить защищённое соединение с WordPress.org. Пожалуйста, свяжитесь с администратором сервера.) in /home/eav/www/promobar/wp-admin/includes/translation-install.php on line 66
[07-Dec-2017 11:43:33 UTC] PHP Warning:  Произошла непредвиденная ошибка. Возможно, что-то не так с сайтом WordPress.org или с настройками вашего сервера. Если проблема не решится, обратитесь на <a href="https://ru.forums.wordpress.org/">форумы поддержки</a>. (Не удалось установить защищённое соединение с WordPress.org. Пожалуйста, свяжитесь с администратором сервера.) in /home/eav/www/promobar/wp-admin/includes/translation-install.php on line 66
[07-Dec-2017 11:44:23 UTC] PHP Warning:  Произошла непредвиденная ошибка. Возможно, что-то не так с сайтом WordPress.org или с настройками вашего сервера. Если проблема не решится, обратитесь на <a href="https://ru.forums.wordpress.org/">форумы поддержки</a>. (Не удалось установить защищённое соединение с WordPress.org. Пожалуйста, свяжитесь с администратором сервера.) in /home/eav/www/promobar/wp-admin/includes/plugin-install.php on line 169
[07-Dec-2017 11:44:43 UTC] PHP Warning:  Произошла непредвиденная ошибка. Возможно, что-то не так с сайтом WordPress.org или с настройками вашего сервера. Если проблема не решится, обратитесь на <a href="https://ru.forums.wordpress.org/">форумы поддержки</a>. (Не удалось установить защищённое соединение с WordPress.org. Пожалуйста, свяжитесь с администратором сервера.) in /home/eav/www/promobar/wp-admin/includes/plugin-install.php on line 169
[07-Dec-2017 11:44:43 UTC] PHP Warning:  Произошла непредвиденная ошибка. Возможно, что-то не так с сайтом WordPress.org или с настройками вашего сервера. Если проблема не решится, обратитесь на <a href="https://ru.forums.wordpress.org/">форумы поддержки</a>. (Не удалось установить защищённое соединение с WordPress.org. Пожалуйста, свяжитесь с администратором сервера.) in /home/eav/www/promobar/wp-admin/includes/plugin-install.php on line 169
[07-Dec-2017 11:45:04 UTC] PHP Warning:  Произошла непредвиденная ошибка. Возможно, что-то не так с сайтом WordPress.org или с настройками вашего сервера. Если проблема не решится, обратитесь на <a href="https://ru.forums.wordpress.org/">форумы поддержки</a>. (Не удалось установить защищённое соединение с WordPress.org. Пожалуйста, свяжитесь с администратором сервера.) in /home/eav/www/promobar/wp-admin/includes/plugin-install.php on line 169
[07-Dec-2017 11:45:18 UTC] PHP Warning:  Произошла непредвиденная ошибка. Возможно, что-то не так с сайтом WordPress.org или с настройками вашего сервера. Если проблема не решится, обратитесь на <a href="https://ru.forums.wordpress.org/">форумы поддержки</a>. (Не удалось установить защищённое соединение с WordPress.org. Пожалуйста, свяжитесь с администратором сервера.) in /home/eav/www/promobar/wp-admin/includes/plugin-install.php on line 169
[07-Dec-2017 11:45:38 UTC] PHP Warning:  Произошла непредвиденная ошибка. Возможно, что-то не так с сайтом WordPress.org или с настройками вашего сервера. Если проблема не решится, обратитесь на <a href="https://ru.forums.wordpress.org/">форумы поддержки</a>. (Не удалось установить защищённое соединение с WordPress.org. Пожалуйста, свяжитесь с администратором сервера.) in /home/eav/www/promobar/wp-admin/includes/plugin-install.php on line 169
[07-Dec-2017 12:59:13 UTC] PHP Warning:  An unexpected error occurred. Something may be wrong with WordPress.org or this server&#8217;s configuration. If you continue to have problems, please try the <a href="https://wordpress.org/support/">support forums</a>. (WordPress could not establish a secure connection to WordPress.org. Please contact your server administrator.) in /home/eav/www/promobar/wp-admin/includes/theme.php on line 469
[08-Dec-2017 16:06:28 UTC] PHP Warning:  Произошла непредвиденная ошибка. Возможно, что-то не так с сайтом WordPress.org или с настройками вашего сервера. Если проблема не решится, обратитесь на <a href="https://ru.forums.wordpress.org/">форумы поддержки</a>. (Не удалось установить защищённое соединение с WordPress.org. Пожалуйста, свяжитесь с администратором сервера.) in /home/eav/www/promobar/wp-includes/update.php on line 526
[15-Feb-2018 12:08:45 UTC] PHP Notice:  Use of undefined constant REQUEST_URI - assumed 'REQUEST_URI' in /home/eav/www/promobar/wp-content/themes/storefront/functions.php on line 73
[15-Feb-2018 12:08:46 UTC] PHP Notice:  Use of undefined constant REQUEST_URI - assumed 'REQUEST_URI' in /home/eav/www/promobar/wp-content/themes/storefront/functions.php on line 73
[15-Feb-2018 12:08:48 UTC] PHP Notice:  Use of undefined constant REQUEST_URI - assumed 'REQUEST_URI' in /home/eav/www/promobar/wp-content/themes/storefront/functions.php on line 73
